<?xml version="1.0" encoding="UTF-8"?>
<testng-results ignored="0" total="1" passed="1" failed="0" skipped="0">
  <reporter-output>
  </reporter-output>
  <suite started-at="2022-09-06T08:24:46 CEST" name="Default suite" finished-at="2022-09-06T08:25:14 CEST" duration-ms="27934">
    <groups>
    </groups>
    <test started-at="2022-09-06T08:24:46 CEST" name="Default test" finished-at="2022-09-06T08:25:14 CEST" duration-ms="27934">
      <class name="com.classicfreecrm.test.createNewcontactTest">
        <test-method is-config="true" signature="beforeMethod(java.lang.reflect.Method)[pri:0, instance:com.classicfreecrm.test.createNewcontactTest@3e58a80e]" started-at="2022-09-06T08:24:46 CEST" name="beforeMethod" finished-at="2022-09-06T08:25:04 CEST" duration-ms="17700" status="PASS">
          <params>
            <param index="0">
              <value>
                <![CDATA[public void com.classicfreecrm.test.createNewcontactTest.newContact()]]>
              </value>
            </param>
          </params>
          <reporter-output>
          </reporter-output>
        </test-method> <!-- beforeMethod -->
        <test-method signature="newContact()[pri:0, instance:com.classicfreecrm.test.createNewcontactTest@3e58a80e]" started-at="2022-09-06T08:25:04 CEST" name="newContact" finished-at="2022-09-06T08:25:14 CEST" duration-ms="10181" status="PASS">
          <reporter-output>
          </reporter-output>
        </test-method> <!-- newContact -->
        <test-method is-config="true" signature="afterMethod()[pri:0, instance:com.classicfreecrm.test.createNewcontactTest@3e58a80e]" started-at="2022-09-06T08:25:14 CEST" name="afterMethod" finished-at="2022-09-06T08:25:14 CEST" duration-ms="0" status="PASS">
          <reporter-output>
          </reporter-output>
        </test-method> <!-- afterMethod -->
      </class> <!-- com.classicfreecrm.test.createNewcontactTest -->
    </test> <!-- Default test -->
  </suite> <!-- Default suite -->
</testng-results>
